<?xml version="1.0" encoding="UTF-8"?>
<!-- Generated by org.testng.reporters.JUnitXMLReporter -->
<testsuite ignored="0" hostname="ET-QC-01728" failures="0" tests="12" name="Surefire test" time="9.486" errors="0" timestamp="2023-11-15T16:58:45 EET">
  <testcase classname="Tests.MockAPI_Tests" name="QueryParams" time="1.698"/>
  <testcase classname="Tests.MockAPI_Tests" name="Test6_Headers" time="1.123"/>
  <testcase classname="Tests.MockAPI_Tests" name="ValidateTest1_equalTo_hasItem_hasItems_not" time="0.895"/>
  <testcase classname="Tests.MockAPI_Tests" name="test2_contains" time="0.505"/>
  <testcase classname="Tests.MockAPI_Tests" name="test3_empty_hasSize_everyItemStartsWith_hasKey" time="0.609"/>
  <testcase classname="Tests.MockAPI_Tests" name="test4_ExtractResponse" time="1.148"/>
  <testcase classname="Tests.MockAPI_Tests" name="test5_Logging" time="0.6"/>
  <testcase classname="Tests.QACart_Tests" name="ValidateAddListOfHeaders" time="0.281"/>
  <testcase classname="Tests.QACart_Tests" name="ValidateHeader1" time="0.278"/>
  <testcase classname="Tests.QACart_Tests" name="ValidateQueryParams" time="0.28"/>
  <testcase classname="Tests.QACart_Tests" name="requestBody" time="0.455"/>
  <testcase classname="Tests.QACart_Tests" name="validateExtractTokenAuthorization" time="0.973"/>
</testsuite> <!-- Surefire test -->
