<?xml version="1.0" encoding="UTF-8"?>
<testsuite xmlns:xsi="http://www.w3.org/2001/XMLSchema-instance" xsi:noNamespaceSchemaLocation="https://maven.apache.org/surefire/maven-surefire-plugin/xsd/surefire-test-report-3.0.xsd" version="3.0" name="TestSuite" time="10.255" tests="12" errors="0" skipped="0" failures="0">
  <properties>
[...]
</properties>
  <testcase name="QueryParams" classname="Tests.MockAPI_Tests" time="1.705">
    <system-out><![CDATA[{
    "lectures": [
        {
            "id": 2,
            "name": "Selenium Architecture",
            "type": "PAID",
            "mode": "VIDEO"
        },
        {
            "id": 3,
            "name": "Install Java",
            "type": "PAID",
            "mode": "VIDEO"
        },
        {
            "id": 5,
            "name": "Introduction to ISTQB",
            "type": "PAID",
            "mode": "VIDEO"
        },
        {
            "id": 6,
            "name": "What is testing",
            "type": "PAID",
            "mode": "VIDEO"
        }
    ],
    "count": 4
}
]]></system-out>
    <system-err><![CDATA[SLF4J: No SLF4J providers were found.
SLF4J: Defaulting to no-operation (NOP) logger implementation
SLF4J: See https://www.slf4j.org/codes.html#noProviders for further details.
]]></system-err>
  </testcase>
  <testcase name="Test6_Headers" classname="Tests.MockAPI_Tests" time="1.129">
    <system-out><![CDATA[{
    "courses": [
        {
            "id": 1,
            "author": "Hatem Hatamleh",
            "name": "Selenium",
            "type": "WEB",
            "language": "JAVA"
        },
        {
            "id": 2,
            "author": "Hatem Hatamleh",
            "name": "ISTQB Foundation Level",
            "type": "MANUAL",
            "language": "NONE"
        }
    ],
    "count": 2
}
{
    "courses": [
        {
            "id": 1,
            "author": "Hatem Hatamleh",
            "name": "Selenium",
            "type": "WEB",
            "language": "JAVA"
        }
    ],
    "count": 1
}
]]></system-out>
  </testcase>
  <testcase name="ValidateTest1_equalTo_hasItem_hasItems_not" classname="Tests.MockAPI_Tests" time="0.93">
    <system-out><![CDATA[[
    {
        "createdAt": "2023-10-26T17:48:29.821Z",
        "name": "Miss Lindsay Bednar",
        "avatar": "https://cloudflare-ipfs.com/ipfs/Qmd3W5DuhgHirLHGVixi6V76LhCkZUz6pnFt5AJBiyvHye/avatar/591.jpg",
        "Country": "Lesotho",
        "id": "1"
    },
    {
        "createdAt": "2023-10-26T17:20:15.764Z",
        "name": "Warren Veum",
        "avatar": "https://cloudflare-ipfs.com/ipfs/Qmd3W5DuhgHirLHGVixi6V76LhCkZUz6pnFt5AJBiyvHye/avatar/831.jpg",
        "Country": "Guinea",
        "id": "2"
    },
    {
        "createdAt": "2023-10-30T02:25:38.269Z",
        "name": "Joshua Von",
        "avatar": "https://cloudflare-ipfs.com/ipfs/Qmd3W5DuhgHirLHGVixi6V76LhCkZUz6pnFt5AJBiyvHye/avatar/367.jpg",
        "Country": "Philippines",
        "id": "3"
    },
    {
        "createdAt": "2023-10-29T13:34:43.532Z",
        "name": "Cindy Dickens",
        "avatar": "https://cloudflare-ipfs.com/ipfs/Qmd3W5DuhgHirLHGVixi6V76LhCkZUz6pnFt5AJBiyvHye/avatar/1094.jpg",
        "Country": "Cook Islands",
        "id": "4"
    },
    {
        "createdAt": "2023-10-29T15:21:39.998Z",
        "name": "Ora Runolfsdottir",
        "avatar": "https://cloudflare-ipfs.com/ipfs/Qmd3W5DuhgHirLHGVixi6V76LhCkZUz6pnFt5AJBiyvHye/avatar/695.jpg",
        "Country": "Turks and Caicos Islands",
        "id": "5"
    },
    {
        "createdAt": "2023-10-30T06:01:26.282Z",
        "name": "Ms. Amanda Satterfield III",
        "avatar": "https://cloudflare-ipfs.com/ipfs/Qmd3W5DuhgHirLHGVixi6V76LhCkZUz6pnFt5AJBiyvHye/avatar/1125.jpg",
        "Country": "Nicaragua",
        "id": "6"
    },
    {
        "createdAt": "2023-10-30T00:16:34.502Z",
        "name": "Lori Walter",
        "avatar": "https://cloudflare-ipfs.com/ipfs/Qmd3W5DuhgHirLHGVixi6V76LhCkZUz6pnFt5AJBiyvHye/avatar/14.jpg",
        "Country": "Niger",
        "id": "7"
    },
    {
        "createdAt": "2023-10-29T11:46:32.994Z",
        "name": "Virginia Schimmel",
        "avatar": "https://cloudflare-ipfs.com/ipfs/Qmd3W5DuhgHirLHGVixi6V76LhCkZUz6pnFt5AJBiyvHye/avatar/972.jpg",
        "Country": "Congo",
        "id": "8"
    },
    {
        "createdAt": "2023-10-29T12:44:43.571Z",
        "name": "Lela Herzog",
        "avatar": "https://cloudflare-ipfs.com/ipfs/Qmd3W5DuhgHirLHGVixi6V76LhCkZUz6pnFt5AJBiyvHye/avatar/1082.jpg",
        "Country": "Andorra",
        "id": "9"
    },
    {
        "createdAt": "2023-10-30T07:30:46.814Z",
        "name": "Max Conroy",
        "avatar": "https://cloudflare-ipfs.com/ipfs/Qmd3W5DuhgHirLHGVixi6V76LhCkZUz6pnFt5AJBiyvHye/avatar/116.jpg",
        "Country": "Nepal",
        "id": "10"
    },
    {
        "createdAt": "2023-10-29T10:03:09.467Z",
        "name": "Saul DuBuque",
        "avatar": "https://cloudflare-ipfs.com/ipfs/Qmd3W5DuhgHirLHGVixi6V76LhCkZUz6pnFt5AJBiyvHye/avatar/822.jpg",
        "Country": "Norway",
        "id": "11"
    },
    {
        "createdAt": "2023-10-29T10:55:10.698Z",
        "name": "Ms. Ryan Reichel",
        "avatar": "https://cloudflare-ipfs.com/ipfs/Qmd3W5DuhgHirLHGVixi6V76LhCkZUz6pnFt5AJBiyvHye/avatar/1188.jpg",
        "Country": "Djibouti",
        "id": "12"
    },
    {
        "createdAt": "2023-10-29T10:53:07.665Z",
        "name": "Jeannie Collins",
        "avatar": "https://cloudflare-ipfs.com/ipfs/Qmd3W5DuhgHirLHGVixi6V76LhCkZUz6pnFt5AJBiyvHye/avatar/489.jpg",
        "Country": "Morocco",
        "id": "13"
    },
    {
        "createdAt": "2023-10-29T09:48:40.394Z",
        "name": "Marcia Ward",
        "avatar": "https://cloudflare-ipfs.com/ipfs/Qmd3W5DuhgHirLHGVixi6V76LhCkZUz6pnFt5AJBiyvHye/avatar/1091.jpg",
        "Country": "Somalia",
        "id": "14"
    },
    {
        "createdAt": "2023-10-29T12:15:49.539Z",
        "name": "Vivian Denesik",
        "avatar": "https://cloudflare-ipfs.com/ipfs/Qmd3W5DuhgHirLHGVixi6V76LhCkZUz6pnFt5AJBiyvHye/avatar/678.jpg",
        "Country": "Suriname",
        "id": "15"
    },
    {
        "createdAt": "2023-10-29T23:40:35.179Z",
        "name": "Katie Dicki",
        "avatar": "https://cloudflare-ipfs.com/ipfs/Qmd3W5DuhgHirLHGVixi6V76LhCkZUz6pnFt5AJBiyvHye/avatar/760.jpg",
        "Country": "Azerbaijan",
        "id": "16"
    },
    {
        "createdAt": "2023-10-30T04:00:39.574Z",
        "name": "Florence Schmeler",
        "avatar": "https://cloudflare-ipfs.com/ipfs/Qmd3W5DuhgHirLHGVixi6V76LhCkZUz6pnFt5AJBiyvHye/avatar/689.jpg",
        "Country": "Netherlands",
        "id": "17"
    },
    {
        "createdAt": "2023-10-29T11:41:07.547Z",
        "name": "Melissa White",
        "avatar": "https://cloudflare-ipfs.com/ipfs/Qmd3W5DuhgHirLHGVixi6V76LhCkZUz6pnFt5AJBiyvHye/avatar/194.jpg",
        "Country": "Christmas Island",
        "id": "18"
    },
    {
        "createdAt": "2023-10-30T01:04:40.020Z",
        "name": "Sarah Lubowitz",
        "avatar": "https://cloudflare-ipfs.com/ipfs/Qmd3W5DuhgHirLHGVixi6V76LhCkZUz6pnFt5AJBiyvHye/avatar/849.jpg",
        "Country": "Heard Island and McDonald Islands",
        "id": "19"
    },
    {
        "createdAt": "2023-10-29T11:31:08.406Z",
        "name": "Mr. Arnold West",
        "avatar": "https://cloudflare-ipfs.com/ipfs/Qmd3W5DuhgHirLHGVixi6V76LhCkZUz6pnFt5AJBiyvHye/avatar/1214.jpg",
        "Country": "Afghanistan",
        "id": "20"
    },
    {
        "createdAt": "2023-10-29T15:19:30.532Z",
        "name": "Josh Cruickshank",
        "avatar": "https://cloudflare-ipfs.com/ipfs/Qmd3W5DuhgHirLHGVixi6V76LhCkZUz6pnFt5AJBiyvHye/avatar/912.jpg",
        "Country": "French Polynesia",
        "id": "21"
    },
    {
        "createdAt": "2023-10-29T20:35:45.958Z",
        "name": "Lucas Braun",
        "avatar": "https://cloudflare-ipfs.com/ipfs/Qmd3W5DuhgHirLHGVixi6V76LhCkZUz6pnFt5AJBiyvHye/avatar/994.jpg",
        "Country": "Cuba",
        "id": "22"
    },
    {
        "createdAt": "2023-10-30T07:06:05.409Z",
        "name": "Gary Mohr",
        "avatar": "https://cloudflare-ipfs.com/ipfs/Qmd3W5DuhgHirLHGVixi6V76LhCkZUz6pnFt5AJBiyvHye/avatar/276.jpg",
        "Country": "Rwanda",
        "id": "23"
    },
    {
        "createdAt": "2023-10-29T11:56:35.430Z",
        "name": "Dr. John Harvey",
        "avatar": "https://cloudflare-ipfs.com/ipfs/Qmd3W5DuhgHirLHGVixi6V76LhCkZUz6pnFt5AJBiyvHye/avatar/489.jpg",
        "Country": "Virgin Islands, U.S.",
        "id": "24"
    },
    {
        "createdAt": "2023-10-29T10:51:51.720Z",
        "name": "Celia Runolfsdottir",
        "avatar": "https://cloudflare-ipfs.com/ipfs/Qmd3W5DuhgHirLHGVixi6V76LhCkZUz6pnFt5AJBiyvHye/avatar/1049.jpg",
        "Country": "Bolivia",
        "id": "25"
    },
    {
        "createdAt": "2023-10-30T02:40:56.249Z",
        "name": "Ms. Dan Barrows",
        "avatar": "https://cloudflare-ipfs.com/ipfs/Qmd3W5DuhgHirLHGVixi6V76LhCkZUz6pnFt5AJBiyvHye/avatar/356.jpg",
        "Country": "Finland",
        "id": "26"
    },
    {
        "createdAt": "2023-10-30T06:30:40.530Z",
        "name": "Miss Ginger Hauck",
        "avatar": "https://cloudflare-ipfs.com/ipfs/Qmd3W5DuhgHirLHGVixi6V76LhCkZUz6pnFt5AJBiyvHye/avatar/310.jpg",
        "Country": "Iceland",
        "id": "27"
    },
    {
        "createdAt": "2023-10-29T21:41:23.375Z",
        "name": "Randall Witting IV",
        "avatar": "https://cloudflare-ipfs.com/ipfs/Qmd3W5DuhgHirLHGVixi6V76LhCkZUz6pnFt5AJBiyvHye/avatar/227.jpg",
        "Country": "Australia",
        "id": "28"
    },
    {
        "createdAt": "2023-10-30T04:39:37.857Z",
        "name": "Jacquelyn Huels",
        "avatar": "https://cloudflare-ipfs.com/ipfs/Qmd3W5DuhgHirLHGVixi6V76LhCkZUz6pnFt5AJBiyvHye/avatar/1127.jpg",
        "Country": "Turkmenistan",
        "id": "29"
    },
    {
        "createdAt": "2023-10-29T22:35:52.329Z",
        "name": "Angelina Carroll",
        "avatar": "https://cloudflare-ipfs.com/ipfs/Qmd3W5DuhgHirLHGVixi6V76LhCkZUz6pnFt5AJBiyvHye/avatar/717.jpg",
        "Country": "Dominica",
        "id": "30"
    },
    {
        "createdAt": "2023-10-29T15:22:17.321Z",
        "name": "Jamie Marquardt",
        "avatar": "https://cloudflare-ipfs.com/ipfs/Qmd3W5DuhgHirLHGVixi6V76LhCkZUz6pnFt5AJBiyvHye/avatar/1049.jpg",
        "Country": "Antarctica (the territory South of 60 deg S)",
        "id": "31"
    },
    {
        "createdAt": "2023-10-30T03:11:39.291Z",
        "name": "Garrett Stiedemann",
        "avatar": "https://cloudflare-ipfs.com/ipfs/Qmd3W5DuhgHirLHGVixi6V76LhCkZUz6pnFt5AJBiyvHye/avatar/444.jpg",
        "Country": "Pakistan",
        "id": "32"
    },
    {
        "createdAt": "2023-10-29T08:41:35.453Z",
        "name": "Rodney Stoltenberg",
        "avatar": "https://cloudflare-ipfs.com/ipfs/Qmd3W5DuhgHirLHGVixi6V76LhCkZUz6pnFt5AJBiyvHye/avatar/880.jpg",
        "Country": "El Salvador",
        "id": "33"
    },
    {
        "createdAt": "2023-10-29T10:33:46.874Z",
        "name": "Patrick Gottlieb",
        "avatar": "https://cloudflare-ipfs.com/ipfs/Qmd3W5DuhgHirLHGVixi6V76LhCkZUz6pnFt5AJBiyvHye/avatar/453.jpg",
        "Country": "Tanzania",
        "id": "34"
    },
    {
        "createdAt": "2023-10-29T17:41:00.363Z",
        "name": "Kellie Kuhlman",
        "avatar": "https://cloudflare-ipfs.com/ipfs/Qmd3W5DuhgHirLHGVixi6V76LhCkZUz6pnFt5AJBiyvHye/avatar/227.jpg",
        "Country": "Bahrain",
        "id": "35"
    },
    {
        "createdAt": "2023-10-29T10:58:04.347Z",
        "name": "Terrance Haag PhD",
        "avatar": "https://cloudflare-ipfs.com/ipfs/Qmd3W5DuhgHirLHGVixi6V76LhCkZUz6pnFt5AJBiyvHye/avatar/841.jpg",
        "Country": "Djibouti",
        "id": "36"
    },
    {
        "createdAt": "2023-10-29T16:17:33.102Z",
        "name": "Herman Jones",
        "avatar": "https://cloudflare-ipfs.com/ipfs/Qmd3W5DuhgHirLHGVixi6V76LhCkZUz6pnFt5AJBiyvHye/avatar/554.jpg",
        "Country": "Cocos (Keeling) Islands",
        "id": "37"
    },
    {
        "createdAt": "2023-10-30T03:34:38.611Z",
        "name": "Terrance Shields",
        "avatar": "https://cloudflare-ipfs.com/ipfs/Qmd3W5DuhgHirLHGVixi6V76LhCkZUz6pnFt5AJBiyvHye/avatar/1031.jpg",
        "Country": "Syrian Arab Republic",
        "id": "38"
    },
    {
        "createdAt": "2023-10-29T10:30:30.800Z",
        "name": "Billie Dare",
        "avatar": "https://cloudflare-ipfs.com/ipfs/Qmd3W5DuhgHirLHGVixi6V76LhCkZUz6pnFt5AJBiyvHye/avatar/241.jpg",
        "Country": "Gambia",
        "id": "39"
    },
    {
        "createdAt": "2023-10-29T12:51:26.610Z",
        "name": "Kristen Mosciski",
        "avatar": "https://cloudflare-ipfs.com/ipfs/Qmd3W5DuhgHirLHGVixi6V76LhCkZUz6pnFt5AJBiyvHye/avatar/533.jpg",
        "Country": "Saudi Arabia",
        "id": "40"
    },
    {
        "createdAt": "2023-10-29T14:21:32.195Z",
        "name": "Chad Bauch",
        "avatar": "https://cloudflare-ipfs.com/ipfs/Qmd3W5DuhgHirLHGVixi6V76LhCkZUz6pnFt5AJBiyvHye/avatar/658.jpg",
        "Country": "Mozambique",
        "id": "41"
    },
    {
        "createdAt": "2023-10-30T07:23:17.681Z",
        "name": "Ralph Stehr",
        "avatar": "https://cloudflare-ipfs.com/ipfs/Qmd3W5DuhgHirLHGVixi6V76LhCkZUz6pnFt5AJBiyvHye/avatar/602.jpg",
        "Country": "Burundi",
        "id": "42"
    },
    {
        "createdAt": "2023-10-29T18:54:21.152Z",
        "name": "Dr. Eleanor Casper",
        "avatar": "https://cloudflare-ipfs.com/ipfs/Qmd3W5DuhgHirLHGVixi6V76LhCkZUz6pnFt5AJBiyvHye/avatar/123.jpg",
        "Country": "Saint Pierre and Miquelon",
        "id": "43"
    },
    {
        "createdAt": "2023-10-29T22:50:37.738Z",
        "name": "Benjamin Sanford",
        "avatar": "https://cloudflare-ipfs.com/ipfs/Qmd3W5DuhgHirLHGVixi6V76LhCkZUz6pnFt5AJBiyvHye/avatar/674.jpg",
        "Country": "India",
        "id": "44"
    },
    {
        "createdAt": "2023-10-29T12:18:37.214Z",
        "name": "Dora Waelchi",
        "avatar": "https://cloudflare-ipfs.com/ipfs/Qmd3W5DuhgHirLHGVixi6V76LhCkZUz6pnFt5AJBiyvHye/avatar/1149.jpg",
        "Country": "Burundi",
        "id": "45"
    },
    {
        "createdAt": "2023-10-29T21:02:29.650Z",
        "name": "Elmer Crist",
        "avatar": "https://cloudflare-ipfs.com/ipfs/Qmd3W5DuhgHirLHGVixi6V76LhCkZUz6pnFt5AJBiyvHye/avatar/1118.jpg",
        "Country": "Ireland",
        "id": "46"
    },
    {
        "createdAt": "2023-10-29T23:46:52.431Z",
        "name": "Jerry Rodriguez",
        "avatar": "https://cloudflare-ipfs.com/ipfs/Qmd3W5DuhgHirLHGVixi6V76LhCkZUz6pnFt5AJBiyvHye/avatar/119.jpg",
        "Country": "Greece",
        "id": "47"
    },
    {
        "createdAt": "2023-10-29T23:06:44.784Z",
        "name": "Susan Yundt",
        "avatar": "https://cloudflare-ipfs.com/ipfs/Qmd3W5DuhgHirLHGVixi6V76LhCkZUz6pnFt5AJBiyvHye/avatar/0.jpg",
        "Country": "Niue",
        "id": "48"
    },
    {
        "createdAt": "2023-10-30T05:24:55.282Z",
        "name": "Anne Buckridge",
        "avatar": "https://cloudflare-ipfs.com/ipfs/Qmd3W5DuhgHirLHGVixi6V76LhCkZUz6pnFt5AJBiyvHye/avatar/1188.jpg",
        "Country": "Portugal",
        "id": "49"
    },
    {
        "createdAt": "2023-10-29T16:26:59.791Z",
        "name": "Rufus Corkery",
        "avatar": "https://cloudflare-ipfs.com/ipfs/Qmd3W5DuhgHirLHGVixi6V76LhCkZUz6pnFt5AJBiyvHye/avatar/1023.jpg",
        "Country": "Maldives",
        "id": "50"
    }
]
]]></system-out>
  </testcase>
  <testcase name="test2_contains" classname="Tests.MockAPI_Tests" time="0.52">
    <system-out><![CDATA[[
    {
        "createdAt": "2023-10-26T17:48:29.821Z",
        "name": "Miss Lindsay Bednar",
        "avatar": "https://cloudflare-ipfs.com/ipfs/Qmd3W5DuhgHirLHGVixi6V76LhCkZUz6pnFt5AJBiyvHye/avatar/591.jpg",
        "Country": "Lesotho",
        "id": "1"
    },
    {
        "createdAt": "2023-10-26T17:20:15.764Z",
        "name": "Warren Veum",
        "avatar": "https://cloudflare-ipfs.com/ipfs/Qmd3W5DuhgHirLHGVixi6V76LhCkZUz6pnFt5AJBiyvHye/avatar/831.jpg",
        "Country": "Guinea",
        "id": "2"
    },
    {
        "createdAt": "2023-10-30T02:25:38.269Z",
        "name": "Joshua Von",
        "avatar": "https://cloudflare-ipfs.com/ipfs/Qmd3W5DuhgHirLHGVixi6V76LhCkZUz6pnFt5AJBiyvHye/avatar/367.jpg",
        "Country": "Philippines",
        "id": "3"
    },
    {
        "createdAt": "2023-10-29T13:34:43.532Z",
        "name": "Cindy Dickens",
        "avatar": "https://cloudflare-ipfs.com/ipfs/Qmd3W5DuhgHirLHGVixi6V76LhCkZUz6pnFt5AJBiyvHye/avatar/1094.jpg",
        "Country": "Cook Islands",
        "id": "4"
    },
    {
        "createdAt": "2023-10-29T15:21:39.998Z",
        "name": "Ora Runolfsdottir",
        "avatar": "https://cloudflare-ipfs.com/ipfs/Qmd3W5DuhgHirLHGVixi6V76LhCkZUz6pnFt5AJBiyvHye/avatar/695.jpg",
        "Country": "Turks and Caicos Islands",
        "id": "5"
    },
    {
        "createdAt": "2023-10-30T06:01:26.282Z",
        "name": "Ms. Amanda Satterfield III",
        "avatar": "https://cloudflare-ipfs.com/ipfs/Qmd3W5DuhgHirLHGVixi6V76LhCkZUz6pnFt5AJBiyvHye/avatar/1125.jpg",
        "Country": "Nicaragua",
        "id": "6"
    },
    {
        "createdAt": "2023-10-30T00:16:34.502Z",
        "name": "Lori Walter",
        "avatar": "https://cloudflare-ipfs.com/ipfs/Qmd3W5DuhgHirLHGVixi6V76LhCkZUz6pnFt5AJBiyvHye/avatar/14.jpg",
        "Country": "Niger",
        "id": "7"
    },
    {
        "createdAt": "2023-10-29T11:46:32.994Z",
        "name": "Virginia Schimmel",
        "avatar": "https://cloudflare-ipfs.com/ipfs/Qmd3W5DuhgHirLHGVixi6V76LhCkZUz6pnFt5AJBiyvHye/avatar/972.jpg",
        "Country": "Congo",
        "id": "8"
    },
    {
        "createdAt": "2023-10-29T12:44:43.571Z",
        "name": "Lela Herzog",
        "avatar": "https://cloudflare-ipfs.com/ipfs/Qmd3W5DuhgHirLHGVixi6V76LhCkZUz6pnFt5AJBiyvHye/avatar/1082.jpg",
        "Country": "Andorra",
        "id": "9"
    },
    {
        "createdAt": "2023-10-30T07:30:46.814Z",
        "name": "Max Conroy",
        "avatar": "https://cloudflare-ipfs.com/ipfs/Qmd3W5DuhgHirLHGVixi6V76LhCkZUz6pnFt5AJBiyvHye/avatar/116.jpg",
        "Country": "Nepal",
        "id": "10"
    },
    {
        "createdAt": "2023-10-29T10:03:09.467Z",
        "name": "Saul DuBuque",
        "avatar": "https://cloudflare-ipfs.com/ipfs/Qmd3W5DuhgHirLHGVixi6V76LhCkZUz6pnFt5AJBiyvHye/avatar/822.jpg",
        "Country": "Norway",
        "id": "11"
    },
    {
        "createdAt": "2023-10-29T10:55:10.698Z",
        "name": "Ms. Ryan Reichel",
        "avatar": "https://cloudflare-ipfs.com/ipfs/Qmd3W5DuhgHirLHGVixi6V76LhCkZUz6pnFt5AJBiyvHye/avatar/1188.jpg",
        "Country": "Djibouti",
        "id": "12"
    },
    {
        "createdAt": "2023-10-29T10:53:07.665Z",
        "name": "Jeannie Collins",
        "avatar": "https://cloudflare-ipfs.com/ipfs/Qmd3W5DuhgHirLHGVixi6V76LhCkZUz6pnFt5AJBiyvHye/avatar/489.jpg",
        "Country": "Morocco",
        "id": "13"
    },
    {
        "createdAt": "2023-10-29T09:48:40.394Z",
        "name": "Marcia Ward",
        "avatar": "https://cloudflare-ipfs.com/ipfs/Qmd3W5DuhgHirLHGVixi6V76LhCkZUz6pnFt5AJBiyvHye/avatar/1091.jpg",
        "Country": "Somalia",
        "id": "14"
    },
    {
        "createdAt": "2023-10-29T12:15:49.539Z",
        "name": "Vivian Denesik",
        "avatar": "https://cloudflare-ipfs.com/ipfs/Qmd3W5DuhgHirLHGVixi6V76LhCkZUz6pnFt5AJBiyvHye/avatar/678.jpg",
        "Country": "Suriname",
        "id": "15"
    },
    {
        "createdAt": "2023-10-29T23:40:35.179Z",
        "name": "Katie Dicki",
        "avatar": "https://cloudflare-ipfs.com/ipfs/Qmd3W5DuhgHirLHGVixi6V76LhCkZUz6pnFt5AJBiyvHye/avatar/760.jpg",
        "Country": "Azerbaijan",
        "id": "16"
    },
    {
        "createdAt": "2023-10-30T04:00:39.574Z",
        "name": "Florence Schmeler",
        "avatar": "https://cloudflare-ipfs.com/ipfs/Qmd3W5DuhgHirLHGVixi6V76LhCkZUz6pnFt5AJBiyvHye/avatar/689.jpg",
        "Country": "Netherlands",
        "id": "17"
    },
    {
        "createdAt": "2023-10-29T11:41:07.547Z",
        "name": "Melissa White",
        "avatar": "https://cloudflare-ipfs.com/ipfs/Qmd3W5DuhgHirLHGVixi6V76LhCkZUz6pnFt5AJBiyvHye/avatar/194.jpg",
        "Country": "Christmas Island",
        "id": "18"
    },
    {
        "createdAt": "2023-10-30T01:04:40.020Z",
        "name": "Sarah Lubowitz",
        "avatar": "https://cloudflare-ipfs.com/ipfs/Qmd3W5DuhgHirLHGVixi6V76LhCkZUz6pnFt5AJBiyvHye/avatar/849.jpg",
        "Country": "Heard Island and McDonald Islands",
        "id": "19"
    },
    {
        "createdAt": "2023-10-29T11:31:08.406Z",
        "name": "Mr. Arnold West",
        "avatar": "https://cloudflare-ipfs.com/ipfs/Qmd3W5DuhgHirLHGVixi6V76LhCkZUz6pnFt5AJBiyvHye/avatar/1214.jpg",
        "Country": "Afghanistan",
        "id": "20"
    },
    {
        "createdAt": "2023-10-29T15:19:30.532Z",
        "name": "Josh Cruickshank",
        "avatar": "https://cloudflare-ipfs.com/ipfs/Qmd3W5DuhgHirLHGVixi6V76LhCkZUz6pnFt5AJBiyvHye/avatar/912.jpg",
        "Country": "French Polynesia",
        "id": "21"
    },
    {
        "createdAt": "2023-10-29T20:35:45.958Z",
        "name": "Lucas Braun",
        "avatar": "https://cloudflare-ipfs.com/ipfs/Qmd3W5DuhgHirLHGVixi6V76LhCkZUz6pnFt5AJBiyvHye/avatar/994.jpg",
        "Country": "Cuba",
        "id": "22"
    },
    {
        "createdAt": "2023-10-30T07:06:05.409Z",
        "name": "Gary Mohr",
        "avatar": "https://cloudflare-ipfs.com/ipfs/Qmd3W5DuhgHirLHGVixi6V76LhCkZUz6pnFt5AJBiyvHye/avatar/276.jpg",
        "Country": "Rwanda",
        "id": "23"
    },
    {
        "createdAt": "2023-10-29T11:56:35.430Z",
        "name": "Dr. John Harvey",
        "avatar": "https://cloudflare-ipfs.com/ipfs/Qmd3W5DuhgHirLHGVixi6V76LhCkZUz6pnFt5AJBiyvHye/avatar/489.jpg",
        "Country": "Virgin Islands, U.S.",
        "id": "24"
    },
    {
        "createdAt": "2023-10-29T10:51:51.720Z",
        "name": "Celia Runolfsdottir",
        "avatar": "https://cloudflare-ipfs.com/ipfs/Qmd3W5DuhgHirLHGVixi6V76LhCkZUz6pnFt5AJBiyvHye/avatar/1049.jpg",
        "Country": "Bolivia",
        "id": "25"
    },
    {
        "createdAt": "2023-10-30T02:40:56.249Z",
        "name": "Ms. Dan Barrows",
        "avatar": "https://cloudflare-ipfs.com/ipfs/Qmd3W5DuhgHirLHGVixi6V76LhCkZUz6pnFt5AJBiyvHye/avatar/356.jpg",
        "Country": "Finland",
        "id": "26"
    },
    {
        "createdAt": "2023-10-30T06:30:40.530Z",
        "name": "Miss Ginger Hauck",
        "avatar": "https://cloudflare-ipfs.com/ipfs/Qmd3W5DuhgHirLHGVixi6V76LhCkZUz6pnFt5AJBiyvHye/avatar/310.jpg",
        "Country": "Iceland",
        "id": "27"
    },
    {
        "createdAt": "2023-10-29T21:41:23.375Z",
        "name": "Randall Witting IV",
        "avatar": "https://cloudflare-ipfs.com/ipfs/Qmd3W5DuhgHirLHGVixi6V76LhCkZUz6pnFt5AJBiyvHye/avatar/227.jpg",
        "Country": "Australia",
        "id": "28"
    },
    {
        "createdAt": "2023-10-30T04:39:37.857Z",
        "name": "Jacquelyn Huels",
        "avatar": "https://cloudflare-ipfs.com/ipfs/Qmd3W5DuhgHirLHGVixi6V76LhCkZUz6pnFt5AJBiyvHye/avatar/1127.jpg",
        "Country": "Turkmenistan",
        "id": "29"
    },
    {
        "createdAt": "2023-10-29T22:35:52.329Z",
        "name": "Angelina Carroll",
        "avatar": "https://cloudflare-ipfs.com/ipfs/Qmd3W5DuhgHirLHGVixi6V76LhCkZUz6pnFt5AJBiyvHye/avatar/717.jpg",
        "Country": "Dominica",
        "id": "30"
    },
    {
        "createdAt": "2023-10-29T15:22:17.321Z",
        "name": "Jamie Marquardt",
        "avatar": "https://cloudflare-ipfs.com/ipfs/Qmd3W5DuhgHirLHGVixi6V76LhCkZUz6pnFt5AJBiyvHye/avatar/1049.jpg",
        "Country": "Antarctica (the territory South of 60 deg S)",
        "id": "31"
    },
    {
        "createdAt": "2023-10-30T03:11:39.291Z",
        "name": "Garrett Stiedemann",
        "avatar": "https://cloudflare-ipfs.com/ipfs/Qmd3W5DuhgHirLHGVixi6V76LhCkZUz6pnFt5AJBiyvHye/avatar/444.jpg",
        "Country": "Pakistan",
        "id": "32"
    },
    {
        "createdAt": "2023-10-29T08:41:35.453Z",
        "name": "Rodney Stoltenberg",
        "avatar": "https://cloudflare-ipfs.com/ipfs/Qmd3W5DuhgHirLHGVixi6V76LhCkZUz6pnFt5AJBiyvHye/avatar/880.jpg",
        "Country": "El Salvador",
        "id": "33"
    },
    {
        "createdAt": "2023-10-29T10:33:46.874Z",
        "name": "Patrick Gottlieb",
        "avatar": "https://cloudflare-ipfs.com/ipfs/Qmd3W5DuhgHirLHGVixi6V76LhCkZUz6pnFt5AJBiyvHye/avatar/453.jpg",
        "Country": "Tanzania",
        "id": "34"
    },
    {
        "createdAt": "2023-10-29T17:41:00.363Z",
        "name": "Kellie Kuhlman",
        "avatar": "https://cloudflare-ipfs.com/ipfs/Qmd3W5DuhgHirLHGVixi6V76LhCkZUz6pnFt5AJBiyvHye/avatar/227.jpg",
        "Country": "Bahrain",
        "id": "35"
    },
    {
        "createdAt": "2023-10-29T10:58:04.347Z",
        "name": "Terrance Haag PhD",
        "avatar": "https://cloudflare-ipfs.com/ipfs/Qmd3W5DuhgHirLHGVixi6V76LhCkZUz6pnFt5AJBiyvHye/avatar/841.jpg",
        "Country": "Djibouti",
        "id": "36"
    },
    {
        "createdAt": "2023-10-29T16:17:33.102Z",
        "name": "Herman Jones",
        "avatar": "https://cloudflare-ipfs.com/ipfs/Qmd3W5DuhgHirLHGVixi6V76LhCkZUz6pnFt5AJBiyvHye/avatar/554.jpg",
        "Country": "Cocos (Keeling) Islands",
        "id": "37"
    },
    {
        "createdAt": "2023-10-30T03:34:38.611Z",
        "name": "Terrance Shields",
        "avatar": "https://cloudflare-ipfs.com/ipfs/Qmd3W5DuhgHirLHGVixi6V76LhCkZUz6pnFt5AJBiyvHye/avatar/1031.jpg",
        "Country": "Syrian Arab Republic",
        "id": "38"
    },
    {
        "createdAt": "2023-10-29T10:30:30.800Z",
        "name": "Billie Dare",
        "avatar": "https://cloudflare-ipfs.com/ipfs/Qmd3W5DuhgHirLHGVixi6V76LhCkZUz6pnFt5AJBiyvHye/avatar/241.jpg",
        "Country": "Gambia",
        "id": "39"
    },
    {
        "createdAt": "2023-10-29T12:51:26.610Z",
        "name": "Kristen Mosciski",
        "avatar": "https://cloudflare-ipfs.com/ipfs/Qmd3W5DuhgHirLHGVixi6V76LhCkZUz6pnFt5AJBiyvHye/avatar/533.jpg",
        "Country": "Saudi Arabia",
        "id": "40"
    },
    {
        "createdAt": "2023-10-29T14:21:32.195Z",
        "name": "Chad Bauch",
        "avatar": "https://cloudflare-ipfs.com/ipfs/Qmd3W5DuhgHirLHGVixi6V76LhCkZUz6pnFt5AJBiyvHye/avatar/658.jpg",
        "Country": "Mozambique",
        "id": "41"
    },
    {
        "createdAt": "2023-10-30T07:23:17.681Z",
        "name": "Ralph Stehr",
        "avatar": "https://cloudflare-ipfs.com/ipfs/Qmd3W5DuhgHirLHGVixi6V76LhCkZUz6pnFt5AJBiyvHye/avatar/602.jpg",
        "Country": "Burundi",
        "id": "42"
    },
    {
        "createdAt": "2023-10-29T18:54:21.152Z",
        "name": "Dr. Eleanor Casper",
        "avatar": "https://cloudflare-ipfs.com/ipfs/Qmd3W5DuhgHirLHGVixi6V76LhCkZUz6pnFt5AJBiyvHye/avatar/123.jpg",
        "Country": "Saint Pierre and Miquelon",
        "id": "43"
    },
    {
        "createdAt": "2023-10-29T22:50:37.738Z",
        "name": "Benjamin Sanford",
        "avatar": "https://cloudflare-ipfs.com/ipfs/Qmd3W5DuhgHirLHGVixi6V76LhCkZUz6pnFt5AJBiyvHye/avatar/674.jpg",
        "Country": "India",
        "id": "44"
    },
    {
        "createdAt": "2023-10-29T12:18:37.214Z",
        "name": "Dora Waelchi",
        "avatar": "https://cloudflare-ipfs.com/ipfs/Qmd3W5DuhgHirLHGVixi6V76LhCkZUz6pnFt5AJBiyvHye/avatar/1149.jpg",
        "Country": "Burundi",
        "id": "45"
    },
    {
        "createdAt": "2023-10-29T21:02:29.650Z",
        "name": "Elmer Crist",
        "avatar": "https://cloudflare-ipfs.com/ipfs/Qmd3W5DuhgHirLHGVixi6V76LhCkZUz6pnFt5AJBiyvHye/avatar/1118.jpg",
        "Country": "Ireland",
        "id": "46"
    },
    {
        "createdAt": "2023-10-29T23:46:52.431Z",
        "name": "Jerry Rodriguez",
        "avatar": "https://cloudflare-ipfs.com/ipfs/Qmd3W5DuhgHirLHGVixi6V76LhCkZUz6pnFt5AJBiyvHye/avatar/119.jpg",
        "Country": "Greece",
        "id": "47"
    },
    {
        "createdAt": "2023-10-29T23:06:44.784Z",
        "name": "Susan Yundt",
        "avatar": "https://cloudflare-ipfs.com/ipfs/Qmd3W5DuhgHirLHGVixi6V76LhCkZUz6pnFt5AJBiyvHye/avatar/0.jpg",
        "Country": "Niue",
        "id": "48"
    },
    {
        "createdAt": "2023-10-30T05:24:55.282Z",
        "name": "Anne Buckridge",
        "avatar": "https://cloudflare-ipfs.com/ipfs/Qmd3W5DuhgHirLHGVixi6V76LhCkZUz6pnFt5AJBiyvHye/avatar/1188.jpg",
        "Country": "Portugal",
        "id": "49"
    },
    {
        "createdAt": "2023-10-29T16:26:59.791Z",
        "name": "Rufus Corkery",
        "avatar": "https://cloudflare-ipfs.com/ipfs/Qmd3W5DuhgHirLHGVixi6V76LhCkZUz6pnFt5AJBiyvHye/avatar/1023.jpg",
        "Country": "Maldives",
        "id": "50"
    }
]
]]></system-out>
  </testcase>
  <testcase name="test3_empty_hasSize_everyItemStartsWith_hasKey" classname="Tests.MockAPI_Tests" time="0.604">
    <system-out><![CDATA[[
    {
        "createdAt": "2023-10-26T17:48:29.821Z",
        "name": "Miss Lindsay Bednar",
        "avatar": "https://cloudflare-ipfs.com/ipfs/Qmd3W5DuhgHirLHGVixi6V76LhCkZUz6pnFt5AJBiyvHye/avatar/591.jpg",
        "Country": "Lesotho",
        "id": "1"
    },
    {
        "createdAt": "2023-10-26T17:20:15.764Z",
        "name": "Warren Veum",
        "avatar": "https://cloudflare-ipfs.com/ipfs/Qmd3W5DuhgHirLHGVixi6V76LhCkZUz6pnFt5AJBiyvHye/avatar/831.jpg",
        "Country": "Guinea",
        "id": "2"
    },
    {
        "createdAt": "2023-10-30T02:25:38.269Z",
        "name": "Joshua Von",
        "avatar": "https://cloudflare-ipfs.com/ipfs/Qmd3W5DuhgHirLHGVixi6V76LhCkZUz6pnFt5AJBiyvHye/avatar/367.jpg",
        "Country": "Philippines",
        "id": "3"
    },
    {
        "createdAt": "2023-10-29T13:34:43.532Z",
        "name": "Cindy Dickens",
        "avatar": "https://cloudflare-ipfs.com/ipfs/Qmd3W5DuhgHirLHGVixi6V76LhCkZUz6pnFt5AJBiyvHye/avatar/1094.jpg",
        "Country": "Cook Islands",
        "id": "4"
    },
    {
        "createdAt": "2023-10-29T15:21:39.998Z",
        "name": "Ora Runolfsdottir",
        "avatar": "https://cloudflare-ipfs.com/ipfs/Qmd3W5DuhgHirLHGVixi6V76LhCkZUz6pnFt5AJBiyvHye/avatar/695.jpg",
        "Country": "Turks and Caicos Islands",
        "id": "5"
    },
    {
        "createdAt": "2023-10-30T06:01:26.282Z",
        "name": "Ms. Amanda Satterfield III",
        "avatar": "https://cloudflare-ipfs.com/ipfs/Qmd3W5DuhgHirLHGVixi6V76LhCkZUz6pnFt5AJBiyvHye/avatar/1125.jpg",
        "Country": "Nicaragua",
        "id": "6"
    },
    {
        "createdAt": "2023-10-30T00:16:34.502Z",
        "name": "Lori Walter",
        "avatar": "https://cloudflare-ipfs.com/ipfs/Qmd3W5DuhgHirLHGVixi6V76LhCkZUz6pnFt5AJBiyvHye/avatar/14.jpg",
        "Country": "Niger",
        "id": "7"
    },
    {
        "createdAt": "2023-10-29T11:46:32.994Z",
        "name": "Virginia Schimmel",
        "avatar": "https://cloudflare-ipfs.com/ipfs/Qmd3W5DuhgHirLHGVixi6V76LhCkZUz6pnFt5AJBiyvHye/avatar/972.jpg",
        "Country": "Congo",
        "id": "8"
    },
    {
        "createdAt": "2023-10-29T12:44:43.571Z",
        "name": "Lela Herzog",
        "avatar": "https://cloudflare-ipfs.com/ipfs/Qmd3W5DuhgHirLHGVixi6V76LhCkZUz6pnFt5AJBiyvHye/avatar/1082.jpg",
        "Country": "Andorra",
        "id": "9"
    },
    {
        "createdAt": "2023-10-30T07:30:46.814Z",
        "name": "Max Conroy",
        "avatar": "https://cloudflare-ipfs.com/ipfs/Qmd3W5DuhgHirLHGVixi6V76LhCkZUz6pnFt5AJBiyvHye/avatar/116.jpg",
        "Country": "Nepal",
        "id": "10"
    },
    {
        "createdAt": "2023-10-29T10:03:09.467Z",
        "name": "Saul DuBuque",
        "avatar": "https://cloudflare-ipfs.com/ipfs/Qmd3W5DuhgHirLHGVixi6V76LhCkZUz6pnFt5AJBiyvHye/avatar/822.jpg",
        "Country": "Norway",
        "id": "11"
    },
    {
        "createdAt": "2023-10-29T10:55:10.698Z",
        "name": "Ms. Ryan Reichel",
        "avatar": "https://cloudflare-ipfs.com/ipfs/Qmd3W5DuhgHirLHGVixi6V76LhCkZUz6pnFt5AJBiyvHye/avatar/1188.jpg",
        "Country": "Djibouti",
        "id": "12"
    },
    {
        "createdAt": "2023-10-29T10:53:07.665Z",
        "name": "Jeannie Collins",
        "avatar": "https://cloudflare-ipfs.com/ipfs/Qmd3W5DuhgHirLHGVixi6V76LhCkZUz6pnFt5AJBiyvHye/avatar/489.jpg",
        "Country": "Morocco",
        "id": "13"
    },
    {
        "createdAt": "2023-10-29T09:48:40.394Z",
        "name": "Marcia Ward",
        "avatar": "https://cloudflare-ipfs.com/ipfs/Qmd3W5DuhgHirLHGVixi6V76LhCkZUz6pnFt5AJBiyvHye/avatar/1091.jpg",
        "Country": "Somalia",
        "id": "14"
    },
    {
        "createdAt": "2023-10-29T12:15:49.539Z",
        "name": "Vivian Denesik",
        "avatar": "https://cloudflare-ipfs.com/ipfs/Qmd3W5DuhgHirLHGVixi6V76LhCkZUz6pnFt5AJBiyvHye/avatar/678.jpg",
        "Country": "Suriname",
        "id": "15"
    },
    {
        "createdAt": "2023-10-29T23:40:35.179Z",
        "name": "Katie Dicki",
        "avatar": "https://cloudflare-ipfs.com/ipfs/Qmd3W5DuhgHirLHGVixi6V76LhCkZUz6pnFt5AJBiyvHye/avatar/760.jpg",
        "Country": "Azerbaijan",
        "id": "16"
    },
    {
        "createdAt": "2023-10-30T04:00:39.574Z",
        "name": "Florence Schmeler",
        "avatar": "https://cloudflare-ipfs.com/ipfs/Qmd3W5DuhgHirLHGVixi6V76LhCkZUz6pnFt5AJBiyvHye/avatar/689.jpg",
        "Country": "Netherlands",
        "id": "17"
    },
    {
        "createdAt": "2023-10-29T11:41:07.547Z",
        "name": "Melissa White",
        "avatar": "https://cloudflare-ipfs.com/ipfs/Qmd3W5DuhgHirLHGVixi6V76LhCkZUz6pnFt5AJBiyvHye/avatar/194.jpg",
        "Country": "Christmas Island",
        "id": "18"
    },
    {
        "createdAt": "2023-10-30T01:04:40.020Z",
        "name": "Sarah Lubowitz",
        "avatar": "https://cloudflare-ipfs.com/ipfs/Qmd3W5DuhgHirLHGVixi6V76LhCkZUz6pnFt5AJBiyvHye/avatar/849.jpg",
        "Country": "Heard Island and McDonald Islands",
        "id": "19"
    },
    {
        "createdAt": "2023-10-29T11:31:08.406Z",
        "name": "Mr. Arnold West",
        "avatar": "https://cloudflare-ipfs.com/ipfs/Qmd3W5DuhgHirLHGVixi6V76LhCkZUz6pnFt5AJBiyvHye/avatar/1214.jpg",
        "Country": "Afghanistan",
        "id": "20"
    },
    {
        "createdAt": "2023-10-29T15:19:30.532Z",
        "name": "Josh Cruickshank",
        "avatar": "https://cloudflare-ipfs.com/ipfs/Qmd3W5DuhgHirLHGVixi6V76LhCkZUz6pnFt5AJBiyvHye/avatar/912.jpg",
        "Country": "French Polynesia",
        "id": "21"
    },
    {
        "createdAt": "2023-10-29T20:35:45.958Z",
        "name": "Lucas Braun",
        "avatar": "https://cloudflare-ipfs.com/ipfs/Qmd3W5DuhgHirLHGVixi6V76LhCkZUz6pnFt5AJBiyvHye/avatar/994.jpg",
        "Country": "Cuba",
        "id": "22"
    },
    {
        "createdAt": "2023-10-30T07:06:05.409Z",
        "name": "Gary Mohr",
        "avatar": "https://cloudflare-ipfs.com/ipfs/Qmd3W5DuhgHirLHGVixi6V76LhCkZUz6pnFt5AJBiyvHye/avatar/276.jpg",
        "Country": "Rwanda",
        "id": "23"
    },
    {
        "createdAt": "2023-10-29T11:56:35.430Z",
        "name": "Dr. John Harvey",
        "avatar": "https://cloudflare-ipfs.com/ipfs/Qmd3W5DuhgHirLHGVixi6V76LhCkZUz6pnFt5AJBiyvHye/avatar/489.jpg",
        "Country": "Virgin Islands, U.S.",
        "id": "24"
    },
    {
        "createdAt": "2023-10-29T10:51:51.720Z",
        "name": "Celia Runolfsdottir",
        "avatar": "https://cloudflare-ipfs.com/ipfs/Qmd3W5DuhgHirLHGVixi6V76LhCkZUz6pnFt5AJBiyvHye/avatar/1049.jpg",
        "Country": "Bolivia",
        "id": "25"
    },
    {
        "createdAt": "2023-10-30T02:40:56.249Z",
        "name": "Ms. Dan Barrows",
        "avatar": "https://cloudflare-ipfs.com/ipfs/Qmd3W5DuhgHirLHGVixi6V76LhCkZUz6pnFt5AJBiyvHye/avatar/356.jpg",
        "Country": "Finland",
        "id": "26"
    },
    {
        "createdAt": "2023-10-30T06:30:40.530Z",
        "name": "Miss Ginger Hauck",
        "avatar": "https://cloudflare-ipfs.com/ipfs/Qmd3W5DuhgHirLHGVixi6V76LhCkZUz6pnFt5AJBiyvHye/avatar/310.jpg",
        "Country": "Iceland",
        "id": "27"
    },
    {
        "createdAt": "2023-10-29T21:41:23.375Z",
        "name": "Randall Witting IV",
        "avatar": "https://cloudflare-ipfs.com/ipfs/Qmd3W5DuhgHirLHGVixi6V76LhCkZUz6pnFt5AJBiyvHye/avatar/227.jpg",
        "Country": "Australia",
        "id": "28"
    },
    {
        "createdAt": "2023-10-30T04:39:37.857Z",
        "name": "Jacquelyn Huels",
        "avatar": "https://cloudflare-ipfs.com/ipfs/Qmd3W5DuhgHirLHGVixi6V76LhCkZUz6pnFt5AJBiyvHye/avatar/1127.jpg",
        "Country": "Turkmenistan",
        "id": "29"
    },
    {
        "createdAt": "2023-10-29T22:35:52.329Z",
        "name": "Angelina Carroll",
        "avatar": "https://cloudflare-ipfs.com/ipfs/Qmd3W5DuhgHirLHGVixi6V76LhCkZUz6pnFt5AJBiyvHye/avatar/717.jpg",
        "Country": "Dominica",
        "id": "30"
    },
    {
        "createdAt": "2023-10-29T15:22:17.321Z",
        "name": "Jamie Marquardt",
        "avatar": "https://cloudflare-ipfs.com/ipfs/Qmd3W5DuhgHirLHGVixi6V76LhCkZUz6pnFt5AJBiyvHye/avatar/1049.jpg",
        "Country": "Antarctica (the territory South of 60 deg S)",
        "id": "31"
    },
    {
        "createdAt": "2023-10-30T03:11:39.291Z",
        "name": "Garrett Stiedemann",
        "avatar": "https://cloudflare-ipfs.com/ipfs/Qmd3W5DuhgHirLHGVixi6V76LhCkZUz6pnFt5AJBiyvHye/avatar/444.jpg",
        "Country": "Pakistan",
        "id": "32"
    },
    {
        "createdAt": "2023-10-29T08:41:35.453Z",
        "name": "Rodney Stoltenberg",
        "avatar": "https://cloudflare-ipfs.com/ipfs/Qmd3W5DuhgHirLHGVixi6V76LhCkZUz6pnFt5AJBiyvHye/avatar/880.jpg",
        "Country": "El Salvador",
        "id": "33"
    },
    {
        "createdAt": "2023-10-29T10:33:46.874Z",
        "name": "Patrick Gottlieb",
        "avatar": "https://cloudflare-ipfs.com/ipfs/Qmd3W5DuhgHirLHGVixi6V76LhCkZUz6pnFt5AJBiyvHye/avatar/453.jpg",
        "Country": "Tanzania",
        "id": "34"
    },
    {
        "createdAt": "2023-10-29T17:41:00.363Z",
        "name": "Kellie Kuhlman",
        "avatar": "https://cloudflare-ipfs.com/ipfs/Qmd3W5DuhgHirLHGVixi6V76LhCkZUz6pnFt5AJBiyvHye/avatar/227.jpg",
        "Country": "Bahrain",
        "id": "35"
    },
    {
        "createdAt": "2023-10-29T10:58:04.347Z",
        "name": "Terrance Haag PhD",
        "avatar": "https://cloudflare-ipfs.com/ipfs/Qmd3W5DuhgHirLHGVixi6V76LhCkZUz6pnFt5AJBiyvHye/avatar/841.jpg",
        "Country": "Djibouti",
        "id": "36"
    },
    {
        "createdAt": "2023-10-29T16:17:33.102Z",
        "name": "Herman Jones",
        "avatar": "https://cloudflare-ipfs.com/ipfs/Qmd3W5DuhgHirLHGVixi6V76LhCkZUz6pnFt5AJBiyvHye/avatar/554.jpg",
        "Country": "Cocos (Keeling) Islands",
        "id": "37"
    },
    {
        "createdAt": "2023-10-30T03:34:38.611Z",
        "name": "Terrance Shields",
        "avatar": "https://cloudflare-ipfs.com/ipfs/Qmd3W5DuhgHirLHGVixi6V76LhCkZUz6pnFt5AJBiyvHye/avatar/1031.jpg",
        "Country": "Syrian Arab Republic",
        "id": "38"
    },
    {
        "createdAt": "2023-10-29T10:30:30.800Z",
        "name": "Billie Dare",
        "avatar": "https://cloudflare-ipfs.com/ipfs/Qmd3W5DuhgHirLHGVixi6V76LhCkZUz6pnFt5AJBiyvHye/avatar/241.jpg",
        "Country": "Gambia",
        "id": "39"
    },
    {
        "createdAt": "2023-10-29T12:51:26.610Z",
        "name": "Kristen Mosciski",
        "avatar": "https://cloudflare-ipfs.com/ipfs/Qmd3W5DuhgHirLHGVixi6V76LhCkZUz6pnFt5AJBiyvHye/avatar/533.jpg",
        "Country": "Saudi Arabia",
        "id": "40"
    },
    {
        "createdAt": "2023-10-29T14:21:32.195Z",
        "name": "Chad Bauch",
        "avatar": "https://cloudflare-ipfs.com/ipfs/Qmd3W5DuhgHirLHGVixi6V76LhCkZUz6pnFt5AJBiyvHye/avatar/658.jpg",
        "Country": "Mozambique",
        "id": "41"
    },
    {
        "createdAt": "2023-10-30T07:23:17.681Z",
        "name": "Ralph Stehr",
        "avatar": "https://cloudflare-ipfs.com/ipfs/Qmd3W5DuhgHirLHGVixi6V76LhCkZUz6pnFt5AJBiyvHye/avatar/602.jpg",
        "Country": "Burundi",
        "id": "42"
    },
    {
        "createdAt": "2023-10-29T18:54:21.152Z",
        "name": "Dr. Eleanor Casper",
        "avatar": "https://cloudflare-ipfs.com/ipfs/Qmd3W5DuhgHirLHGVixi6V76LhCkZUz6pnFt5AJBiyvHye/avatar/123.jpg",
        "Country": "Saint Pierre and Miquelon",
        "id": "43"
    },
    {
        "createdAt": "2023-10-29T22:50:37.738Z",
        "name": "Benjamin Sanford",
        "avatar": "https://cloudflare-ipfs.com/ipfs/Qmd3W5DuhgHirLHGVixi6V76LhCkZUz6pnFt5AJBiyvHye/avatar/674.jpg",
        "Country": "India",
        "id": "44"
    },
    {
        "createdAt": "2023-10-29T12:18:37.214Z",
        "name": "Dora Waelchi",
        "avatar": "https://cloudflare-ipfs.com/ipfs/Qmd3W5DuhgHirLHGVixi6V76LhCkZUz6pnFt5AJBiyvHye/avatar/1149.jpg",
        "Country": "Burundi",
        "id": "45"
    },
    {
        "createdAt": "2023-10-29T21:02:29.650Z",
        "name": "Elmer Crist",
        "avatar": "https://cloudflare-ipfs.com/ipfs/Qmd3W5DuhgHirLHGVixi6V76LhCkZUz6pnFt5AJBiyvHye/avatar/1118.jpg",
        "Country": "Ireland",
        "id": "46"
    },
    {
        "createdAt": "2023-10-29T23:46:52.431Z",
        "name": "Jerry Rodriguez",
        "avatar": "https://cloudflare-ipfs.com/ipfs/Qmd3W5DuhgHirLHGVixi6V76LhCkZUz6pnFt5AJBiyvHye/avatar/119.jpg",
        "Country": "Greece",
        "id": "47"
    },
    {
        "createdAt": "2023-10-29T23:06:44.784Z",
        "name": "Susan Yundt",
        "avatar": "https://cloudflare-ipfs.com/ipfs/Qmd3W5DuhgHirLHGVixi6V76LhCkZUz6pnFt5AJBiyvHye/avatar/0.jpg",
        "Country": "Niue",
        "id": "48"
    },
    {
        "createdAt": "2023-10-30T05:24:55.282Z",
        "name": "Anne Buckridge",
        "avatar": "https://cloudflare-ipfs.com/ipfs/Qmd3W5DuhgHirLHGVixi6V76LhCkZUz6pnFt5AJBiyvHye/avatar/1188.jpg",
        "Country": "Portugal",
        "id": "49"
    },
    {
        "createdAt": "2023-10-29T16:26:59.791Z",
        "name": "Rufus Corkery",
        "avatar": "https://cloudflare-ipfs.com/ipfs/Qmd3W5DuhgHirLHGVixi6V76LhCkZUz6pnFt5AJBiyvHye/avatar/1023.jpg",
        "Country": "Maldives",
        "id": "50"
    }
]
]]></system-out>
  </testcase>
  <testcase name="test4_ExtractResponse" classname="Tests.MockAPI_Tests" time="1.136">
    <system-out><![CDATA[Lesotho
Lesotho
]]></system-out>
  </testcase>
  <testcase name="test5_Logging" classname="Tests.MockAPI_Tests" time="0.604">
    <system-out><![CDATA[HTTP/1.1 200 OK
]]></system-out>
  </testcase>
  <testcase name="ValidateAddListOfHeaders" classname="Tests.QACart_Tests" time="0.285">
    <system-out><![CDATA[{
    "courses": [
        {
            "id": 1,
            "author": "Hatem Hatamleh",
            "name": "Selenium",
            "type": "WEB",
            "language": "JAVA"
        }
    ],
    "count": 1
}
]]></system-out>
  </testcase>
  <testcase name="ValidateHeader1" classname="Tests.QACart_Tests" time="0.283">
    <system-out><![CDATA[{
    "courses": [
        {
            "id": 1,
            "author": "Hatem Hatamleh",
            "name": "Selenium",
            "type": "WEB",
            "language": "JAVA"
        },
        {
            "id": 2,
            "author": "Hatem Hatamleh",
            "name": "ISTQB Foundation Level",
            "type": "MANUAL",
            "language": "NONE"
        }
    ],
    "count": 2
}
]]></system-out>
  </testcase>
  <testcase name="ValidateQueryParams" classname="Tests.QACart_Tests" time="0.286">
    <system-out><![CDATA[{
    "lectures": [
        {
            "id": 2,
            "name": "Selenium Architecture",
            "type": "PAID",
            "mode": "VIDEO"
        },
        {
            "id": 3,
            "name": "Install Java",
            "type": "PAID",
            "mode": "VIDEO"
        },
        {
            "id": 5,
            "name": "Introduction to ISTQB",
            "type": "PAID",
            "mode": "VIDEO"
        },
        {
            "id": 6,
            "name": "What is testing",
            "type": "PAID",
            "mode": "VIDEO"
        }
    ],
    "count": 4
}
]]></system-out>
  </testcase>
  <testcase name="requestBody" classname="Tests.QACart_Tests" time="0.466">
    <system-out><![CDATA[{
    "access_token": "eyJhbGciOiJIUzI1NiIsInR5cCI6IkpXVCJ9.eyJpZCI6IjY1NDQxNDMxYjVjMmE2MDAxNGY5YTE3ZSIsImZpcnN0TmFtZSI6IkhhdGVtIiwiaWF0IjoxNzAwMDYwMzM4fQ.0nqgS2WxMONK0pBBz4P4U-gzbTmNP7g4NAUYUFMEz3Y",
    "userID": "65441431b5c2a60014f9a17e",
    "firstName": "Hatem"
}
]]></system-out>
  </testcase>
  <testcase name="validateExtractTokenAuthorization" classname="Tests.QACart_Tests" time="0.98">
    <system-out><![CDATA[eyJhbGciOiJIUzI1NiIsInR5cCI6IkpXVCJ9.eyJpZCI6IjY1NDQxNDMxYjVjMmE2MDAxNGY5YTE3ZSIsImZpcnN0TmFtZSI6IkhhdGVtIiwiaWF0IjoxNzAwMDYwMzM4fQ.0nqgS2WxMONK0pBBz4P4U-gzbTmNP7g4NAUYUFMEz3Y
{
    "courses": [
        {
            "id": 1,
            "author": {
                "name": "Hatem Hatamleh",
                "country": "Jordan",
                "yearsOfExperience": 13
            },
            "name": "Selenium",
            "type": "WEB",
            "language": "JAVA"
        },
        {
            "id": 2,
            "author": {
                "name": "Hatem Hatamleh",
                "country": "Jordan",
                "yearsOfExperience": 13
            },
            "name": "ISTQB Foundation Level",
            "type": "MANUAL",
            "language": "NONE"
        }
    ]
}
]]></system-out>
  </testcase>
</testsuite>